[debug] [2023-09-05T07:14:09.681Z] ----------------------------------------------------------------------
[debug] [2023-09-05T07:14:09.682Z] Command:       C:\Program Files\nodejs\node.exe C:\Users\Asus\AppData\Roaming\npm\node_modules\firebase-tools\lib\bin\firebase.js init
[debug] [2023-09-05T07:14:09.683Z] CLI Version:   11.21.0
[debug] [2023-09-05T07:14:09.683Z] Platform:      win32
[debug] [2023-09-05T07:14:09.683Z] Node Version:  v16.18.1
[debug] [2023-09-05T07:14:09.683Z] Time:          Tue Sep 05 2023 12:44:09 GMT+0530 (India Standard Time)
[debug] [2023-09-05T07:14:09.684Z] ----------------------------------------------------------------------
[debug] 
[debug] [2023-09-05T07:14:09.739Z] > command requires scopes: ["email","openid","https://www.googleapis.com/auth/cloudplatformprojects.readonly","https://www.googleapis.com/auth/firebase","https://www.googleapis.com/auth/cloud-platform"]
[debug] [2023-09-05T07:14:09.739Z] > authorizing via signed-in user (aeromusgyan@gmail.com)
[info] 
     ######## #### ########  ######## ########     ###     ######  ########
     ##        ##  ##     ## ##       ##     ##  ##   ##  ##       ##
     ######    ##  ########  ######   ########  #########  ######  ######
     ##        ##  ##    ##  ##       ##     ## ##     ##       ## ##
     ##       #### ##     ## ######## ########  ##     ##  ######  ########

You're about to initialize a Firebase project in this directory:

  D:\Data\Projects\Angular\store.sciaku.com

Before we get started, keep in mind:

  * You are initializing within an existing Firebase project directory

[info] 
=== Project Setup
[info] 
[info] First, let's associate this project directory with a Firebase project.
[info] You can create multiple project aliases by running firebase use --add, 
[info] but for now we'll just set up a default project.
[info] 
[debug] [2023-09-05T07:14:17.121Z] Using project from CLI flag: store-sciaku
[debug] [2023-09-05T07:14:17.122Z] > refreshing access token with scopes: []
[debug] [2023-09-05T07:14:17.123Z] >>> [apiv2][query] POST https://www.googleapis.com/oauth2/v3/token [none]
[debug] [2023-09-05T07:14:17.124Z] >>> [apiv2][body] POST https://www.googleapis.com/oauth2/v3/token [omitted]
[debug] [2023-09-05T07:14:17.495Z] <<< [apiv2][status] POST https://www.googleapis.com/oauth2/v3/token 400
[debug] [2023-09-05T07:14:17.495Z] <<< [apiv2][body] POST https://www.googleapis.com/oauth2/v3/token [omitted]
[debug] [2023-09-05T07:14:17.495Z] >>> [apiv2][query] GET https://firebase.googleapis.com/v1beta1/projects/store-sciaku [none]
[debug] [2023-09-05T07:14:17.992Z] <<< [apiv2][status] GET https://firebase.googleapis.com/v1beta1/projects/store-sciaku 401
[debug] [2023-09-05T07:14:17.992Z] <<< [apiv2][body] GET https://firebase.googleapis.com/v1beta1/projects/store-sciaku {"error":{"code":401,"message":"Request had invalid authentication credentials. Expected OAuth 2 access token, login cookie or other valid authentication credential. See https://developers.google.com/identity/sign-in/web/devconsole-project.","status":"UNAUTHENTICATED"}}
[debug] [2023-09-05T07:14:17.993Z] HTTP Error: 401, Request had invalid authentication credentials. Expected OAuth 2 access token, login cookie or other valid authentication credential. See https://developers.google.com/identity/sign-in/web/devconsole-project.
[debug] [2023-09-05T07:14:18.301Z] FirebaseError: HTTP Error: 401, Request had invalid authentication credentials. Expected OAuth 2 access token, login cookie or other valid authentication credential. See https://developers.google.com/identity/sign-in/web/devconsole-project.
    at responseToError (C:\Users\Asus\AppData\Roaming\npm\node_modules\firebase-tools\lib\responseToError.js:49:12)
    at RetryOperation._fn (C:\Users\Asus\AppData\Roaming\npm\node_modules\firebase-tools\lib\apiv2.js:288:77)
    at processTicksAndRejections (node:internal/process/task_queues:96:5)
[error] 
[error] Error: Failed to get Firebase project store-sciaku. Please make sure the project exists and your account has permission to access it.
